[debug] [2022-09-08T05:26:42.444Z] ----------------------------------------------------------------------
[debug] [2022-09-08T05:26:42.446Z] Command:       C:\Program Files\nodejs\node.exe C:\Users\joelp\AppData\Roaming\npm\node_modules\firebase-tools\lib\bin\firebase.js init
[debug] [2022-09-08T05:26:42.447Z] CLI Version:   11.8.0
[debug] [2022-09-08T05:26:42.447Z] Platform:      win32
[debug] [2022-09-08T05:26:42.447Z] Node Version:  v16.15.0
[debug] [2022-09-08T05:26:42.448Z] Time:          Wed Sep 07 2022 22:26:42 GMT-0700 (Pacific Daylight Time)
[debug] [2022-09-08T05:26:42.448Z] ----------------------------------------------------------------------
[debug] 
[debug] [2022-09-08T05:26:42.452Z] >>> [apiv2][query] GET https://firebase-public.firebaseio.com/cli.json [none]
[debug] [2022-09-08T05:26:42.473Z] > command requires scopes: ["email","openid","https://www.googleapis.com/auth/cloudplatformprojects.readonly","https://www.googleapis.com/auth/firebase","https://www.googleapis.com/auth/cloud-platform"]
[debug] [2022-09-08T05:26:42.473Z] > authorizing via signed-in user (joel.plaza02@gmail.com)
[info] 
     ######## #### ########  ######## ########     ###     ######  ########
     ##        ##  ##     ## ##       ##     ##  ##   ##  ##       ##
     ######    ##  ########  ######   ########  #########  ######  ######
     ##        ##  ##    ##  ##       ##     ## ##     ##       ## ##
     ##       #### ##     ## ######## ########  ##     ##  ######  ########

You're about to initialize a Firebase project in this directory:

  C:\Users\joelp\OneDrive\Documents\ReactBlog\client

[debug] [2022-09-08T05:26:42.668Z] <<< [apiv2][status] GET https://firebase-public.firebaseio.com/cli.json 200
[debug] [2022-09-08T05:26:42.668Z] <<< [apiv2][body] GET https://firebase-public.firebaseio.com/cli.json {"cloudBuildErrorAfter":1594252800000,"cloudBuildWarnAfter":1590019200000,"defaultNode10After":1594252800000,"minVersion":"3.0.5","node8DeploysDisabledAfter":1613390400000,"node8RuntimeDisabledAfter":1615809600000,"node8WarnAfter":1600128000000}
[info] 
=== Project Setup
[info] 
[info] First, let's associate this project directory with a Firebase project.
[info] You can create multiple project aliases by running firebase use --add, 
[info] but for now we'll just set up a default project.
[info] 
[debug] [2022-09-08T05:26:51.974Z] > refreshing access token with scopes: []
[debug] [2022-09-08T05:26:51.975Z] >>> [apiv2][query] POST https://www.googleapis.com/oauth2/v3/token [none]
[debug] [2022-09-08T05:26:51.975Z] >>> [apiv2][body] POST https://www.googleapis.com/oauth2/v3/token [omitted]
[debug] [2022-09-08T05:26:52.145Z] <<< [apiv2][status] POST https://www.googleapis.com/oauth2/v3/token 200
[debug] [2022-09-08T05:26:52.145Z] <<< [apiv2][body] POST https://www.googleapis.com/oauth2/v3/token [omitted]
[debug] [2022-09-08T05:26:52.158Z] >>> [apiv2][query] GET https://firebase.googleapis.com/v1beta1/projects pageSize=100
[debug] [2022-09-08T05:26:52.561Z] <<< [apiv2][status] GET https://firebase.googleapis.com/v1beta1/projects 200
[debug] [2022-09-08T05:26:52.561Z] <<< [apiv2][body] GET https://firebase.googleapis.com/v1beta1/projects [omitted]
[info] i  Using project react-blog7 (react-blog7) 
[info] 
=== Hosting Setup
[info] 
[info] Your public directory is the folder (relative to your project directory) that
[info] will contain Hosting assets to be uploaded with firebase deploy. If you
[info] have a build process for your assets, use your build's output directory.
[info] 
[info] +  Wrote public/404.html 
[debug] [2022-09-08T05:28:17.150Z] >>> [apiv2][query] GET https://www.gstatic.com/firebasejs/releases.json [none]
[debug] [2022-09-08T05:28:17.401Z] <<< [apiv2][status] GET https://www.gstatic.com/firebasejs/releases.json 200
[debug] [2022-09-08T05:28:17.401Z] <<< [apiv2][body] GET https://www.gstatic.com/firebasejs/releases.json {"current":{"version":"9.9.4","browserURL":"https://www.gstatic.com/firebasejs/9.9.4/firebase.js","packageURL":"https://www.gstatic.com/firebasejs/9.9.4/firebase.tgz"},"live":{"version":"9.9","browserURL":"https://www.gstatic.com/firebasejs/live/9.9/firebase.js","packageURL":"https://www.gstatic.com/firebasejs/live/9.9/firebase.tgz"},"components":{"analytics":"https://www.gstatic.com/firebasejs/9.9.4/firebase-analytics.js","app":"https://www.gstatic.com/firebasejs/9.9.4/firebase-app.js","app-check":"https://www.gstatic.com/firebasejs/9.9.4/firebase-app-check.js","auth":"https://www.gstatic.com/firebasejs/9.9.4/firebase-auth.js","auth/cordova":"https://www.gstatic.com/firebasejs/9.9.4/firebase-auth/cordova.js","auth/react-native":"https://www.gstatic.com/firebasejs/9.9.4/firebase-auth/react-native.js","functions":"https://www.gstatic.com/firebasejs/9.9.4/firebase-functions.js","firestore":"https://www.gstatic.com/firebasejs/9.9.4/firebase-firestore.js","firestore/lite":"https://www.gstatic.com/firebasejs/9.9.4/firebase-firestore/lite.js","installations":"https://www.gstatic.com/firebasejs/9.9.4/firebase-installations.js","storage":"https://www.gstatic.com/firebasejs/9.9.4/firebase-storage.js","performance":"https://www.gstatic.com/firebasejs/9.9.4/firebase-performance.js","remote-config":"https://www.gstatic.com/firebasejs/9.9.4/firebase-remote-config.js","messaging":"https://www.gstatic.com/firebasejs/9.9.4/firebase-messaging.js","messaging/sw":"https://www.gstatic.com/firebasejs/9.9.4/firebase-messaging/sw.js","database":"https://www.gstatic.com/firebasejs/9.9.4/firebase-database.js","firestore.memory":"https://www.gstatic.com/firebasejs/9.9.4/firebase-firestore.memory.js"}}
[info] i  Skipping write of public/index.html 
[info] 
[info] i  Detected a .git folder at C:\Users\joelp\OneDrive\Documents 
[info] i  Authorizing with GitHub to upload your service account to a GitHub repository's secrets store. 
[info] 
[info] Visit this URL on this device to log in:
[info] https://github.com/login/oauth/authorize?client_id=89cf50f02ac6aaed3484&state=582964576&redirect_uri=http%3A%2F%2Flocalhost%3A9005&scope=read%3Auser%20repo%20public_repo
[info] 
[info] Waiting for authentication...
[debug] [2022-09-08T05:28:47.093Z] >>> [apiv2][query] POST https://github.com/login/oauth/access_token [none]
[debug] [2022-09-08T05:28:47.094Z] >>> [apiv2][body] POST https://github.com/login/oauth/access_token [stream]
[debug] [2022-09-08T05:28:47.488Z] <<< [apiv2][status] POST https://github.com/login/oauth/access_token 200
[debug] [2022-09-08T05:28:47.489Z] <<< [apiv2][body] POST https://github.com/login/oauth/access_token {"access_token":"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","token_type":"bearer","scope":"read:user,repo"}
[debug] [2022-09-08T05:28:47.497Z] >>> [apiv2][query] GET https://api.github.com/user [none]
[debug] [2022-09-08T05:28:47.915Z] <<< [apiv2][status] GET https://api.github.com/user 200
[debug] [2022-09-08T05:28:47.915Z] <<< [apiv2][body] GET https://api.github.com/user {"login":"JoelPlaza02","id":100056435,"node_id":"U_kgDOBfa9cw","avatar_url":"https://avatars.githubusercontent.com/u/100056435?v=4","gravatar_id":"","url":"https://api.github.com/users/JoelPlaza02","html_url":"https://github.com/JoelPlaza02","followers_url":"https://api.github.com/users/JoelPlaza02/followers","following_url":"https://api.github.com/users/JoelPlaza02/following{/other_user}","gists_url":"https://api.github.com/users/JoelPlaza02/gists{/gist_id}","starred_url":"https://api.github.com/users/JoelPlaza02/starred{/owner}{/repo}","subscriptions_url":"https://api.github.com/users/JoelPlaza02/subscriptions","organizations_url":"https://api.github.com/users/JoelPlaza02/orgs","repos_url":"https://api.github.com/users/JoelPlaza02/repos","events_url":"https://api.github.com/users/JoelPlaza02/events{/privacy}","received_events_url":"https://api.github.com/users/JoelPlaza02/received_events","type":"User","site_admin":false,"name":"Joel Plaza","company":null,"blog":"","location":"Ventura, California","email":null,"hireable":null,"bio":"Web Developer","twitter_username":null,"public_repos":9,"public_gists":0,"followers":0,"following":0,"created_at":"2022-02-20T02:49:52Z","updated_at":"2022-09-08T04:26:30Z","private_gists":0,"total_private_repos":0,"owned_private_repos":0,"disk_usage":34133,"collaborators":0,"two_factor_authentication":false,"plan":{"name":"free","space":976562499,"collaborators":0,"private_repos":10000}}
[info] 
[info] +  Success! Logged into GitHub as JoelPlaza02 
[info] 
